app/build/outputs/logs/manifest-merger-debug-report.txt
-- Merging decision tree log ---
manifest
ADDED from src\main\AndroidManifest.xml:2:1-52:12
	package
		ADDED from src\main\AndroidManifest.xml:3:5-46
		INJECTED from src\main\AndroidManifest.xml
		INJECTED from src\main\AndroidManifest.xml
	android:versionName
		INJECTED from src\main\AndroidManifest.xml
		INJECTED from src\main\AndroidManifest.xml
	xmlns:android
		ADDED from src\main\AndroidManifest.xml:2:11-69
	android:versionCode
		INJECTED from src\main\AndroidManifest.xml
		INJECTED from src\main\AndroidManifest.xml
uses-permission#android.permission.CALL_PHONE
ADDED from src\main\AndroidManifest.xml:5:5-69
	android:name
		ADDED from src\main\AndroidManifest.xml:5:22-66
uses-permission#android.permission.WRITE_EXTERNAL_STORAGE
ADDED from src\main\AndroidManifest.xml:6:5-81
	android:name
		ADDED from src\main\AndroidManifest.xml:6:22-78
uses-permission#android.permission.READ_EXTERNAL_STORAGE
ADDED from src\main\AndroidManifest.xml:7:5-80
	android:name
		ADDED from src\main\AndroidManifest.xml:7:22-77
uses-permission#android.permission.CAMERA
ADDED from src\main\AndroidManifest.xml:8:5-65
	android:name
		ADDED from src\main\AndroidManifest.xml:8:22-62
application
ADDED from src\main\AndroidManifest.xml:10:5-50:19
MERGED from [com.github.maning0303:mndialoglibrary:unspecified] AndroidManifest.xml:11:5-15:19
MERGED from [com.android.support:appcompat-v7:25.3.1] AndroidManifest.xml:29:5-20
MERGED from [com.android.support:support-v4:25.3.1] AndroidManifest.xml:29:5-20
MERGED from [com.android.support:support-fragment:25.3.1] AndroidManifest.xml:29:5-20
MERGED from [com.android.support:support-media-compat:25.3.1] AndroidManifest.xml:29:5-20
MERGED from [com.android.support:support-core-ui:25.3.1] AndroidManifest.xml:29:5-20
MERGED from [com.android.support:support-core-utils:25.3.1] AndroidManifest.xml:29:5-20
MERGED from [com.android.support:animated-vector-drawable:25.3.1] AndroidManifest.xml:26:5-20
MERGED from [com.android.support:support-vector-drawable:25.3.1] AndroidManifest.xml:26:5-20
MERGED from [com.android.support:support-compat:25.3.1] AndroidManifest.xml:29:5-20
MERGED from [com.android.support.constraint:constraint-layout:1.0.2] AndroidManifest.xml:9:5-20
	android:label
		ADDED from src\main\AndroidManifest.xml:14:9-41
	android:supportsRtl
		ADDED from src\main\AndroidManifest.xml:16:9-35
	android:roundIcon
		ADDED from src\main\AndroidManifest.xml:15:9-54
	android:allowBackup
		ADDED from src\main\AndroidManifest.xml:12:9-35
	android:icon
		ADDED from src\main\AndroidManifest.xml:13:9-43
	android:theme
		ADDED from src\main\AndroidManifest.xml:17:9-40
	android:name
		ADDED from src\main\AndroidManifest.xml:11:9-51
activity#cn.longrise.www.androidprogress.activity.MainActivity
ADDED from src\main\AndroidManifest.xml:18:9-24:20
	android:name
		ADDED from src\main\AndroidManifest.xml:18:19-56
intent-filter#android.intent.action.MAIN+android.intent.category.LAUNCHER
ADDED from src\main\AndroidManifest.xml:19:13-23:29
action#android.intent.action.MAIN
ADDED from src\main\AndroidManifest.xml:20:17-69
	android:name
		ADDED from src\main\AndroidManifest.xml:20:25-66
category#android.intent.category.LAUNCHER
ADDED from src\main\AndroidManifest.xml:22:17-77
	android:name
		ADDED from src\main\AndroidManifest.xml:22:27-74
activity#cn.longrise.www.androidprogress.activity.widgetActivity.WidgetActivity
ADDED from src\main\AndroidManifest.xml:25:9-76
	android:name
		ADDED from src\main\AndroidManifest.xml:25:19-73
activity#cn.longrise.www.androidprogress.activity.widgetActivity.dialogActivity.DialogActivity
ADDED from src\main\AndroidManifest.xml:26:9-91
	android:name
		ADDED from src\main\AndroidManifest.xml:26:19-88
activity#cn.longrise.www.androidprogress.activity.customDrawingActivity.CustomDrawingActivity
ADDED from src\main\AndroidManifest.xml:27:9-90
	android:name
		ADDED from src\main\AndroidManifest.xml:27:19-87
activity#cn.longrise.www.androidprogress.activity.customDrawingActivity.xmlCustomDrawingActivity.XmlCustomDrawingActivity
ADDED from src\main\AndroidManifest.xml:28:9-118
	android:name
		ADDED from src\main\AndroidManifest.xml:28:19-115
activity#cn.longrise.www.androidprogress.activity.customDrawingActivity.xmlCustomDrawingActivity.RingActivity
ADDED from src\main\AndroidManifest.xml:29:9-106
	android:name
		ADDED from src\main\AndroidManifest.xml:29:19-103
activity#cn.longrise.www.androidprogress.activity.customDrawingActivity.xmlCustomDrawingActivity.RectangleActivity
ADDED from src\main\AndroidManifest.xml:30:9-111
	android:name
		ADDED from src\main\AndroidManifest.xml:30:19-108
activity#cn.longrise.www.androidprogress.activity.customDrawingActivity.xmlCustomDrawingActivity.OvalActivity
ADDED from src\main\AndroidManifest.xml:31:9-106
	android:name
		ADDED from src\main\AndroidManifest.xml:31:19-103
activity#cn.longrise.www.androidprogress.activity.customDrawingActivity.xmlCustomDrawingActivity.LineActivity
ADDED from src\main\AndroidManifest.xml:32:9-106
	android:name
		ADDED from src\main\AndroidManifest.xml:32:19-103
activity#cn.longrise.www.androidprogress.activity.widgetActivity.switchInterface.SwitchInterfaceActivity
ADDED from src\main\AndroidManifest.xml:33:9-101
	android:name
		ADDED from src\main\AndroidManifest.xml:33:19-98
activity#cn.longrise.www.androidprogress.activity.widgetActivity.switchInterface.ViewFlipperActivity
ADDED from src\main\AndroidManifest.xml:34:9-36:56
	android:theme
		ADDED from src\main\AndroidManifest.xml:36:13-53
	android:name
		ADDED from src\main\AndroidManifest.xml:35:13-88
activity#cn.longrise.www.androidprogress.activity.widgetActivity.buttonActivity.ButtonActivity
ADDED from src\main\AndroidManifest.xml:37:9-91
	android:name
		ADDED from src\main\AndroidManifest.xml:37:19-88
activity#cn.longrise.www.androidprogress.activity.widgetActivity.buttonActivity.SimpleCheckBoxAndRadioButton
ADDED from src\main\AndroidManifest.xml:38:9-105
	android:name
		ADDED from src\main\AndroidManifest.xml:38:19-102
activity#cn.longrise.www.androidprogress.activity.widgetActivity.barActivity.BarActivity
ADDED from src\main\AndroidManifest.xml:39:9-85
	android:name
		ADDED from src\main\AndroidManifest.xml:39:19-82
activity#cn.longrise.www.androidprogress.activity.widgetActivity.barActivity.OriginalBarActivity
ADDED from src\main\AndroidManifest.xml:40:9-93
	android:name
		ADDED from src\main\AndroidManifest.xml:40:19-90
activity#cn.longrise.www.androidprogress.activity.databaseActivity.DataBaseActivity
ADDED from src\main\AndroidManifest.xml:41:9-80
	android:name
		ADDED from src\main\AndroidManifest.xml:41:19-77
activity#cn.longrise.www.androidprogress.activity.databaseActivity.SQLDataBaseActivity
ADDED from src\main\AndroidManifest.xml:42:9-83
	android:name
		ADDED from src\main\AndroidManifest.xml:42:19-80
activity#cn.longrise.www.androidprogress.activity.databaseActivity.TraditionDataBaseActivity
ADDED from src\main\AndroidManifest.xml:43:9-89
	android:name
		ADDED from src\main\AndroidManifest.xml:43:19-86
activity#cn.longrise.www.androidprogress.activity.permission.PermissionActivity
ADDED from src\main\AndroidManifest.xml:44:9-76
	android:name
		ADDED from src\main\AndroidManifest.xml:44:19-73
activity#cn.longrise.www.androidprogress.activity.callSystemFunction.CallSystemFunctionActivity
ADDED from src\main\AndroidManifest.xml:45:9-92
	android:name
		ADDED from src\main\AndroidManifest.xml:45:19-89
activity#cn.longrise.www.androidprogress.activity.customDrawingActivity.codeCustomDrawing.CodeCustomDrawingActivity
ADDED from src\main\AndroidManifest.xml:46:9-112
	android:name
		ADDED from src\main\AndroidManifest.xml:46:19-109
activity#cn.longrise.www.androidprogress.activity.widgetActivity.dialogActivity.MNProgressHUD
ADDED from src\main\AndroidManifest.xml:47:9-90
	android:name
		ADDED from src\main\AndroidManifest.xml:47:19-87
activity#cn.longrise.www.androidprogress.activity.ui.UIActivity
ADDED from src\main\AndroidManifest.xml:48:9-60
	android:name
		ADDED from src\main\AndroidManifest.xml:48:19-57
activity#cn.longrise.www.androidprogress.activity.ui.ListViewActivity
ADDED from src\main\AndroidManifest.xml:49:9-75
	android:name
		ADDED from src\main\AndroidManifest.xml:49:19-63
uses-sdk
INJECTED from src\main\AndroidManifest.xml reason: use-sdk injection requested
MERGED from [com.github.maning0303:mndialoglibrary:unspecified] AndroidManifest.xml:7:5-9:41
MERGED from [com.android.support:appcompat-v7:25.3.1] AndroidManifest.xml:21:5-23:78
MERGED from [com.android.support:support-v4:25.3.1] AndroidManifest.xml:21:5-23:54
MERGED from [com.android.support:support-fragment:25.3.1] AndroidManifest.xml:21:5-23:60
MERGED from [com.android.support:support-media-compat:25.3.1] AndroidManifest.xml:21:5-23:63
MERGED from [com.android.support:support-core-ui:25.3.1] AndroidManifest.xml:21:5-23:58
MERGED from [com.android.support:support-core-utils:25.3.1] AndroidManifest.xml:21:5-23:61
MERGED from [com.android.support:animated-vector-drawable:25.3.1] AndroidManifest.xml:20:5-44
MERGED from [com.android.support:support-vector-drawable:25.3.1] AndroidManifest.xml:20:5-43
MERGED from [com.android.support:support-compat:25.3.1] AndroidManifest.xml:21:5-23:58
MERGED from [com.android.support.constraint:constraint-layout:1.0.2] AndroidManifest.xml:5:5-7:41
	tools:overrideLibrary
		ADDED from [com.android.support:appcompat-v7:25.3.1] AndroidManifest.xml:23:9-75
	android:targetSdkVersion
		INJECTED from src\main\AndroidManifest.xml
		INJECTED from src\main\AndroidManifest.xml
	android:minSdkVersion
		INJECTED from src\main\AndroidManifest.xml
		INJECTED from src\main\AndroidManifest.xml
meta-data#android.support.VERSION
ADDED from [com.android.support:appcompat-v7:25.3.1] AndroidManifest.xml:25:5-27:34
MERGED from [com.android.support:support-v4:25.3.1] AndroidManifest.xml:25:5-27:34
MERGED from [com.android.support:support-fragment:25.3.1] AndroidManifest.xml:25:5-27:34
MERGED from [com.android.support:support-media-compat:25.3.1] AndroidManifest.xml:25:5-27:34
MERGED from [com.android.support:support-core-ui:25.3.1] AndroidManifest.xml:25:5-27:34
MERGED from [com.android.support:support-core-utils:25.3.1] AndroidManifest.xml:25:5-27:34
MERGED from [com.android.support:animated-vector-drawable:25.3.1] AndroidManifest.xml:22:5-24:34
MERGED from [com.android.support:support-vector-drawable:25.3.1] AndroidManifest.xml:22:5-24:34
MERGED from [com.android.support:support-compat:25.3.1] AndroidManifest.xml:25:5-27:34
	android:value
		ADDED from [com.android.support:appcompat-v7:25.3.1] AndroidManifest.xml:27:9-31
	android:name
		ADDED from [com.android.support:appcompat-v7:25.3.1] AndroidManifest.xml:26:9-47